Compilation
===========
Command: python -m compileall -q app tests ml
Result: PASS

Smoke + audit tests
===================
Command: PYTHONPATH=.:app pytest -q tests/smoke tests/audit -W error::ResourceWarning
Result:
............................                                             [100%]


Coverage (selected critical modules)
====================================
............................                                             [100%]
================================ tests coverage ================================
_______________ coverage: platform linux, python 3.13.5-final-0 ________________

Name                                                     Stmts   Miss  Cover   Missing
--------------------------------------------------------------------------------------
app/backend/api/app/routers/trade_decision_router.py        86     22    74%   34-39, 55, 60, 89-93, 268-269, 320-328, 342, 356-359
app/backend/api/app/services/market_services.py            107     32    70%   31-33, 43-64, 77, 84, 101, 103, 105, 107, 116, 136-137, 147, 153, 156, 166, 176, 187, 190
app/backend/api/app/services/model_metadata_service.py      39      3    92%   13, 26-27
app/backend/api/app/services/risk_service.py                57     10    82%   40, 42, 44, 48, 50, 52, 54, 56, 58, 60
app/backend/api/app/services/signal_service.py              22      3    86%   34, 63, 66
app/backend/api/app/storage/database.py                     28      0   100%
app/backend/api/app/storage/decision_repository.py          52      7    87%   50, 95-96, 98-99, 101-102
app/ml_services/app/features_builder.py                    105     84    20%   58, 68-70, 74-94, 98-147, 151-171, 179, 195-206
app/ml_services/app/online/model_predictor.py              167     71    57%   19-23, 27-32, 36-50, 54-64, 97-105, 130-132, 134-136, 142, 144, 148, 152, 159-164, 193-196, 212, 220, 224, 239-258, 269-270
app/ml_services/app/online/validation.py                    51     18    65%   21, 25, 32, 49, 66-98, 104-111, 122
--------------------------------------------------------------------------------------
TOTAL                                                      714    250    65%


FastAPI local validation
========================
{
  "statuses": {
    "/": 200,
    "/docs": 200,
    "/openapi.json": 200,
    "/static/styles.css": 200,
    "/static/app.js": 200
  },
  "paths": [
    "/api/v1/health",
    "/api/v1/market/candles",
    "/api/v1/ml/model-info",
    "/api/v1/ml/prediction-quality",
    "/api/v1/trading/decision",
    "/api/v1/trading/decisions",
    "/api/v1/trading/decisions/{decision_id}"
  ]
}


Compose static validation
=========================
{
  "services": [
    "backend",
    "ml_service",
    "ml_trainer"
  ],
  "backend_depends_on_ml_healthy": true,
  "backend_sqlite_volume": true,
  "backend_model_mount_read_only": true,
  "ml_model_volume_shared": true
}


Not run
=======
- Docker build/up: docker executable unavailable in audit runtime.
- Live Binance/Bybit calls.
- Real full CatBoost retrain/promotion/rollback with production-like artifacts.
